<?xml version="1.0" encoding="UTF-8"?>
<!-- Generated by org.testng.reporters.JUnitXMLReporter -->
<testsuite hostname="VS" tests="6" failures="0" timestamp="5 Mar 2017 19:50:12 GMT" time="24.083" errors="0">
  <testcase name="checkSignUp" time="3.115" classname="TestClassOne"/>
  <testcase name="checkLoginingStepOne" time="2.565" classname="TestClassOne"/>
  <testcase name="checkLoginingStepTwo" time="0.801" classname="TestClassOne"/>
  <testcase name="checkLoginingStepThree" time="1.43" classname="TestClassOne"/>
  <testcase name="checkSignOut" time="1.242" classname="TestClassOne"/>
  <testcase name="testTest" time="3.439" classname="TestClassTwo"/>
</testsuite>
